DIM = 30000
PERC_SPARSE = 99.9%
Generating graph...
1556138220.867086: Computing pagerank... alpha=0.85, max_iter=200, tol=10**-6 DONE [7.855483531951904s]
1556138228.7230172: Sorting and dumping pr values... DONE [0.03992319107055664s]
1556138228.76316: Converting matrix to numpy array... DONE [4.150943994522095s]
1556138232.9143608: Formatting matrix in stochastic form... DONE [1773.0721969604492s]
1556140005.986852: Converting matrix in csc DONE [5.398493051528931s]
Dumping matrices: 
Formatting generated_csc/cur/val.txt
Formatting generated_csc/cur/col_idx.txt
Formatting generated_csc/cur/non_zero.txt
DONE [1.8606045246124268s]
DIM = 30000
PERC_SPARSE = 99.9%
Generating graph...
1556187005.7293146: Computing pagerank... alpha=0.85, max_iter=200, tol=10**-6 DIM = 1000
PERC_SPARSE = 99.0%
Generating graph...
1556187023.4117959: Computing pagerank... alpha=0.85, max_iter=200, tol=10**-6 DONE [0.15292620658874512s]
1556187023.5649898: Sorting and dumping pr values... DONE [0.0011744499206542969s]
1556187023.5662403: Converting matrix to numpy array... DONE [0.007563114166259766s]
1556187023.5739362: Formatting matrix in stochastic form... DONE [2.0983197689056396s]
1556187025.672476: Converting matrix in csc DONE [0.007541179656982422s]
Dumping matrices: 
Formatting generated_csc/cur/val.txt
Formatting generated_csc/cur/col_idx.txt
Formatting generated_csc/cur/non_zero.txt
DONE [0.024210691452026367s]
DIM = 1000
PERC_SPARSE = 99.0%
Generating graph...
1556187067.986585: Computing pagerank... alpha=0.85, max_iter=200, tol=10**-6 DONE [0.15764832496643066s]
1556187068.1444993: Sorting and dumping pr values... DONE [0.14696884155273438s]
1556187068.2916431: Converting matrix to numpy array... DONE [0.007443428039550781s]
1556187068.2992241: Formatting matrix in stochastic form... DONE [2.1659340858459473s]
1556187070.4652772: Converting matrix in csc DONE [0.0074880123138427734s]
Dumping matrices: 
Formatting generated_csc/cur/val.txt
Formatting generated_csc/cur/col_idx.txt
Formatting generated_csc/cur/non_zero.txt
DONE [0.024713754653930664s]
DIM = 1000
PERC_SPARSE = 99.0%
Generating graph...
1556187133.0223455: Computing pagerank... alpha=0.85, max_iter=200, tol=10**-6 DONE [0.1567239761352539s]
1556187133.1792989: Sorting and dumping pr values... DONE [0.0011970996856689453s]
1556187133.180651: Converting matrix to numpy array... DONE [0.009329795837402344s]
1556187133.1901925: Formatting matrix in stochastic form... DONE [2.357604503631592s]
1556187135.5480373: Converting matrix in csc DONE [0.010346651077270508s]
Dumping matrices: 
Formatting generated_csc/cur/val.txt
Formatting generated_csc/cur/col_idx.txt
Formatting generated_csc/cur/non_zero.txt
DONE [0.03882241249084473s]
DIM = 1000
PERC_SPARSE = 99.0%
Generating graph...
1556187433.0809393: Computing pagerank... alpha=0.85, max_iter=200, tol=10**-6 DONE [0.16498565673828125s]
1556187433.2462168: Sorting and dumping pr values... DONE [0.0011920928955078125s]
1556187433.2475708: Converting matrix to numpy array... DONE [0.00799870491027832s]
1556187433.2557476: Formatting matrix in stochastic form... DONE [2.4669487476348877s]
1556187435.7229397: Converting matrix in csc DONE [0.0075147151947021484s]
Dumping matrices: 
Formatting generated_csc/cur/val.txt
Formatting generated_csc/cur/col_idx.txt
Formatting generated_csc/cur/non_zero.txt
DONE [0.027582406997680664s]
DIM = 1000
PERC_SPARSE = 99.0%
Generating graph...
1556187453.0119429: Computing pagerank... alpha=0.85, max_iter=200, tol=10**-6 DONE [0.15852737426757812s]
1556187453.170742: Sorting and dumping pr values... DONE [0.0011830329895019531s]
1556187453.1720843: Converting matrix to numpy array... DONE [0.007570505142211914s]
1556187453.1798959: Formatting matrix in stochastic form... DONE [2.0840861797332764s]
1556187455.2641954: Converting matrix in csc DONE [0.0074405670166015625s]
Dumping matrices: 
Formatting generated_csc/cur/val.txt
Formatting generated_csc/cur/non_zero.txt
Formatting generated_csc/cur/col_idx.txt
DONE [0.024788618087768555s]
DIM = 1000
PERC_SPARSE = 99.9%
Generating graph...
1556187782.4449742: Computing pagerank... alpha=0.85, max_iter=200, tol=10**-12 DONE [0.29354071617126465s]
1556187782.738711: Sorting and dumping pr values... DONE [0.001177072525024414s]
1556187782.7399654: Converting matrix to numpy array... DONE [0.005040645599365234s]
1556187782.7451386: Formatting matrix in stochastic form... DONE [2.0388259887695312s]
1556187784.784081: Converting matrix in csc DONE [0.007119655609130859s]
Dumping matrices: 
Formatting generated_csc/cur/val.txt
Formatting generated_csc/cur/col_idx.txt
Formatting generated_csc/cur/non_zero.txt
DONE [0.004281759262084961s]
DIM = 4
PERC_SPARSE = 50.0%
Generating graph...
1556190131.4093537: Computing pagerank... alpha=0.85, max_iter=200, tol=10**-6 DONE [0.0010480880737304688s]
1556190131.4105382: Sorting and dumping pr values... DONE [0.00017118453979492188s]
1556190131.4107988: Converting matrix to numpy array... DONE [0.000125885009765625s]
1556190131.411056: Formatting matrix in stochastic form... DONE [0.0023767948150634766s]
1556190131.4135985: Converting matrix in csc DONE [0.0004382133483886719s]
Dumping matrices: 
Formatting generated_csc/cur/val.txt
Formatting generated_csc/cur/non_zero.txt
Formatting generated_csc/cur/col_idx.txt
DONE [0.001580953598022461s]
DIM = 30000
PERC_SPARSE = 99.0%
Generating graph...
1556190228.1845968: Computing pagerank... alpha=0.85, max_iter=200, tol=10**-6 DIM = 30000
PERC_SPARSE = 99.9%
Generating graph...
1556193203.4999561: Computing pagerank... alpha=0.85, max_iter=200, tol=10**-6 DONE [4.325857877731323s]
1556193207.8263528: Sorting and dumping pr values... DONE [0.03844785690307617s]
1556193207.8649242: Converting matrix to numpy array... DONE [3.755347728729248s]
1556193211.6205006: Formatting matrix in stochastic form... DIM = 30000
PERC_SPARSE = 99.9%
Generating graph...
1556207043.0677197: Computing pagerank... alpha=0.85, max_iter=200, tol=10**-6 DIM = 30000
PERC_SPARSE = 99.9%
Generating graph...
1556210905.567928: Computing pagerank... alpha=0.85, max_iter=200, tol=10**-6 DONE [4.449753284454346s]
1556210910.018129: Sorting and dumping pr values... DONE [0.042214155197143555s]
1556210910.0605223: Converting matrix to numpy array... DONE [3.8213863372802734s]
1556210913.8822186: Formatting matrix in stochastic form... DIM = 30000
PERC_SPARSE = 99.9%
Generating graph...
1557228609.5305233: Computing pagerank... alpha=0.85, max_iter=200, tol=10**-6 DIM = 30000
PERC_SPARSE = 99.9%
Generating graph...
DIM = 30000
PERC_SPARSE = 99.9%
Generating graph...
1557578191.2340226: Computing pagerank... alpha=0.85, max_iter=200, tol=10**-6 DIM = 30000
PERC_SPARSE = 99.9%
Generating graph...
1557592800.6070907: Computing pagerank... alpha=0.85, max_iter=200, tol=10**-6 DIM = 30000
PERC_SPARSE = 99.9%
Generating graph...
1557757323.3524082: Computing pagerank... alpha=0.85, max_iter=200, tol=10**-6 